<?xml version="1.0" encoding="UTF-8"?>
<!-- Generated by org.testng.reporters.JUnitXMLReporter -->
<testsuite hostname="XIPL9082" name="testngTest" tests="4" failures="1" timestamp="13 Oct 2018 17:00:21 GMT" time="113.832" errors="0">
  <testcase name="flipkartLoginTest" time="25.954" classname="tests.LoginTest"/>
  <testcase name="flipkartNotificationTab" time="2.886" classname="tests.LoginTest">
    <failure type="java.lang.AssertionError" message="expected [Notifications (2)] but found [Notifications (4)]">
      <![CDATA[java.lang.AssertionError: expected [Notifications (2)] but found [Notifications (4)]
	at pages.HomePage.verifyPageIsDisplayedOrNot(HomePage.java:85)
	at pages.HomePage.notificationTabVerification(HomePage.java:49)
	at tests.LoginTest.flipkartNotificationTab(LoginTest.java:33)
... Removed 32 stack frames]]>
    </failure>
  </testcase> <!-- flipkartNotificationTab -->
  <testcase name="flipkartCartTab" time="5.282" classname="tests.LoginTest"/>
  <testcase name="flipkartLoginTest" time="22.431" classname="tests.MenuVerificationTest"/>
</testsuite> <!-- testngTest -->
