<?xml version="1.0" encoding="UTF-8"?>
<testsuite xmlns:xsi="http://www.w3.org/2001/XMLSchema-instance" xsi:schemaLocation="https://maven.apache.org/surefire/maven-surefire-plugin/xsd/surefire-test-report.xsd" name="TestSuite" time="162.871" tests="4" errors="0" skipped="0" failures="1">
  <properties>
[...]
</properties>
  <testcase name="flipkartLoginTest" classname="tests.LoginTest" time="25.954"/>
  <testcase name="flipkartNotificationTab" classname="tests.LoginTest" time="2.911">
    <failure message="expected [Notifications (2)] but found [Notifications (4)]" type="java.lang.AssertionError">java.lang.AssertionError: expected [Notifications (2)] but found [Notifications (4)]
	at tests.LoginTest.flipkartNotificationTab(LoginTest.java:33)
</failure>
    <system-out><![CDATA[2018-10-13 22:29:22,209 INFO  [TestListener] flipkartLoginTest passed! 
2018-10-13 22:29:22,211 INFO  [TestListener] flipkartNotificationTab started! 
2018-10-13 22:29:22,650 INFO  [HomePage] Clicked on Notifcation Tab Button 
]]></system-out>
  </testcase>
  <testcase name="flipkartCartTab" classname="tests.LoginTest" time="5.282"/>
  <testcase name="flipkartLoginTest" classname="tests.MenuVerificationTest" time="22.431"/>
</testsuite>