<?xml version="1.0" encoding="UTF-8"?>
<!-- Generated by org.testng.reporters.JUnitXMLReporter -->
<testsuite hostname="XIPL9082" name="testngTest" tests="4" failures="1" timestamp="10 Oct 2018 17:56:16 GMT" time="115.644" errors="0">
  <testcase name="flipkartLoginTest" time="29.254" classname="tests.LoginTest"/>
  <testcase name="flipkartNotificationTab" time="2.665" classname="tests.LoginTest">
    <failure type="java.lang.AssertionError" message="expected [Notifications (2)] but found [Notifications (5)]">
      <![CDATA[java.lang.AssertionError: expected [Notifications (2)] but found [Notifications (5)]
	at pages.HomePage.verifyPageIsDisplayedOrNot(HomePage.java:85)
	at pages.HomePage.notificationTabVerification(HomePage.java:49)
	at tests.LoginTest.flipkartNotificationTab(LoginTest.java:33)
... Removed 29 stack frames]]>
    </failure>
  </testcase> <!-- flipkartNotificationTab -->
  <testcase name="flipkartCartTab" time="6.192" classname="tests.LoginTest"/>
  <testcase name="flipkartLoginTest" time="27.141" classname="tests.MenuVerificationTest"/>
</testsuite> <!-- testngTest -->
